Daily activity on Fri Sep 19 08:44:45 UTC 2025
Daily activity on Sat Sep 20 06:19:11 UTC 2025
Daily activity on Sun Sep 21 06:19:40 UTC 2025
Daily activity on Mon Sep 22 06:22:32 UTC 2025
Daily activity on Tue Sep 23 06:21:37 UTC 2025
Daily activity on Wed Sep 24 06:21:17 UTC 2025
Daily activity on Thu Sep 25 06:21:44 UTC 2025
Daily activity on Fri Sep 26 06:20:52 UTC 2025
Daily activity on Sat Sep 27 06:18:27 UTC 2025
Daily activity on Sun Sep 28 06:19:23 UTC 2025
Daily activity on Mon Sep 29 06:23:15 UTC 2025
Daily activity on Tue Sep 30 06:21:54 UTC 2025
Daily activity on Wed Oct  1 06:21:12 UTC 2025
Daily activity on Thu Oct  2 06:20:57 UTC 2025
Daily activity on Fri Oct  3 06:20:25 UTC 2025
Daily activity on Sat Oct  4 06:18:42 UTC 2025
Daily activity on Sun Oct  5 06:18:48 UTC 2025
Daily activity on Mon Oct  6 06:21:55 UTC 2025
Daily activity on Tue Oct  7 06:21:07 UTC 2025
Daily activity on Wed Oct  8 06:21:28 UTC 2025
Daily activity on Thu Oct  9 06:22:02 UTC 2025
Daily activity on Fri Oct 10 06:21:31 UTC 2025
Daily activity on Sat Oct 11 06:18:42 UTC 2025
Daily activity on Sun Oct 12 06:18:47 UTC 2025
Daily activity on Mon Oct 13 06:23:04 UTC 2025
Daily activity on Tue Oct 14 06:22:07 UTC 2025
Daily activity on Wed Oct 15 06:21:40 UTC 2025
Daily activity on Thu Oct 16 06:21:42 UTC 2025
